Using pre-set license
Built from '2020.3/staging' branch; Version is '2020.3.4f1 (0abb6314276a) revision 703331'; Using compiler version '192528614'; Build Type 'Release'
OS: 'Windows 10 Pro; OS build 19042.928; Version 2009; 64bit' Language: 'en' Physical Memory: 16347 MB
BatchMode: 1, IsHumanControllingUs: 0, StartBugReporterOnCrash: 0, Is64bit: 1, IsPro: 0

 COMMAND LINE ARGUMENTS:
C:\Program Files\Unity\Hub\Editor\2020.3.4f1\Editor\Unity.exe
-adb2
-batchMode
-noUpm
-name
AssetImportWorker0
-projectPath
C:/Users/tutus/Documents/GitHub/GoToBed/GoToBedFolder/GoToBedProject
-logFile
Logs/AssetImportWorker0.log
-srvPort
61887
Successfully changed project path to: C:/Users/tutus/Documents/GitHub/GoToBed/GoToBedFolder/GoToBedProject
C:/Users/tutus/Documents/GitHub/GoToBed/GoToBedFolder/GoToBedProject
Using Asset Import Pipeline V2.
Refreshing native plugins compatible for Editor in 22.31 ms, found 0 plugins.
Preloading 0 native plugins for Editor in 0.00 ms.
Initialize engine version: 2020.3.4f1 (0abb6314276a)
[Subsystems] Discovering subsystems at path C:/Program Files/Unity/Hub/Editor/2020.3.4f1/Editor/Data/Resources/UnitySubsystems
[Subsystems] Discovering subsystems at path C:/Users/tutus/Documents/GitHub/GoToBed/GoToBedFolder/GoToBedProject/Assets
GfxDevice: creating device client; threaded=0
Direct3D:
    Version:  Direct3D 11.0 [level 11.1]
    Renderer: NVIDIA GeForce GTX 1080 (ID=0x1b80)
    Vendor:   
    VRAM:     8079 MB
    Driver:   27.21.14.6611
Initialize mono
Mono path[0] = 'C:/Program Files/Unity/Hub/Editor/2020.3.4f1/Editor/Data/Managed'
Mono path[1] = 'C:/Program Files/Unity/Hub/Editor/2020.3.4f1/Editor/Data/MonoBleedingEdge/lib/mono/unityjit'
Mono config path = 'C:/Program Files/Unity/Hub/Editor/2020.3.4f1/Editor/Data/MonoBleedingEdge/etc'
Using monoOptions --debugger-agent=transport=dt_socket,embedding=1,server=y,suspend=n,address=127.0.0.1:56368
Begin MonoManager ReloadAssembly
Registering precompiled unity dll's ...
Register platform support module: C:/Program Files/Unity/Hub/Editor/2020.3.4f1/Editor/Data/PlaybackEngines/MacStandaloneSupport/UnityEditor.OSXStandalone.Extensions.dll
Register platform support module: C:/Program Files/Unity/Hub/Editor/2020.3.4f1/Editor/Data/PlaybackEngines/WindowsStandaloneSupport/UnityEditor.WindowsStandalone.Extensions.dll
Registered in 0.002406 seconds.
Native extension for WindowsStandalone target not found
Native extension for OSXStandalone target not found
Refreshing native plugins compatible for Editor in 22.58 ms, found 0 plugins.
Preloading 0 native plugins for Editor in 0.00 ms.
Mono: successfully reloaded assembly
- Completed reload, in  1.101 seconds
Platform modules already initialized, skipping
Registering precompiled user dll's ...
Registered in 0.000967 seconds.
Begin MonoManager ReloadAssembly
Native extension for WindowsStandalone target not found
Native extension for OSXStandalone target not found
Refreshing native plugins compatible for Editor in 0.20 ms, found 0 plugins.
Preloading 0 native plugins for Editor in 0.00 ms.
Mono: successfully reloaded assembly
- Completed reload, in  0.812 seconds
Platform modules already initialized, skipping
========================================================================
Worker process is ready to serve import requests
Launched and connected shader compiler UnityShaderCompiler.exe after 0.06 seconds
Refreshing native plugins compatible for Editor in 0.32 ms, found 0 plugins.
Preloading 0 native plugins for Editor in 0.00 ms.
Unloading 1122 Unused Serialized files (Serialized files now loaded: 0)
System memory in use before: 57.3 MB.
System memory in use after: 57.3 MB.

Unloading 10 unused Assets to reduce memory usage. Loaded Objects now: 1564.
Total: 2.045900 ms (FindLiveObjects: 0.367100 ms CreateObjectMapping: 0.115300 ms MarkObjects: 1.466500 ms  DeleteObjects: 0.095400 ms)

========================================================================
Received Import Request.
  path: Assets/Scripts
  artifactKey: Guid(d4f0ea80c11cc924d87953f6ab5e6f7e) Importer(815301076,1909f56bfc062723c751e8b465ee728b)
Start importing Assets/Scripts using Guid(d4f0ea80c11cc924d87953f6ab5e6f7e) Importer(815301076,1909f56bfc062723c751e8b465ee728b)  -> (artifact id: 'e2571c68aa9a5e9d9c635ebf4846f8eb') in 0.009327 seconds
  Import took 0.011527 seconds .

========================================================================
Received Import Request.
  Time since last request: 0.226852 seconds.
  path: Assets/Scripts/Movement
  artifactKey: Guid(0205422b67748bb439d3c28956bebd16) Importer(815301076,1909f56bfc062723c751e8b465ee728b)
Start importing Assets/Scripts/Movement using Guid(0205422b67748bb439d3c28956bebd16) Importer(815301076,1909f56bfc062723c751e8b465ee728b)  -> (artifact id: '67fe3be7fba20ea14bd36b4932b62135') in 0.006575 seconds
  Import took 0.009176 seconds .

========================================================================
Received Import Request.
  Time since last request: 1.137202 seconds.
  path: Assets/Scripts/Movement/NewBehaviourScript.cs
  artifactKey: Guid(41a85807fc5a8324ba9117b0f235a85d) Importer(815301076,1909f56bfc062723c751e8b465ee728b)
Start importing Assets/Scripts/Movement/NewBehaviourScript.cs using Guid(41a85807fc5a8324ba9117b0f235a85d) Importer(815301076,1909f56bfc062723c751e8b465ee728b)  -> (artifact id: '2f63b592c223c4b8f8907694b01cf2c5') in 0.034386 seconds
  Import took 0.036803 seconds .

========================================================================
Received Import Request.
  Time since last request: 10.780516 seconds.
  path: Assets/Scripts/Movement/PlayerMovement.cs
  artifactKey: Guid(06f154e8889376c48a0b570e2edc7ee1) Importer(815301076,1909f56bfc062723c751e8b465ee728b)
Start importing Assets/Scripts/Movement/PlayerMovement.cs using Guid(06f154e8889376c48a0b570e2edc7ee1) Importer(815301076,1909f56bfc062723c751e8b465ee728b)  -> (artifact id: 'b8043b651ce65156cae4e63527717430') in 0.009120 seconds
  Import took 0.011732 seconds .

========================================================================
Received Prepare
Registering precompiled user dll's ...
Registered in 0.000843 seconds.
Begin MonoManager ReloadAssembly
Native extension for WindowsStandalone target not found
Native extension for OSXStandalone target not found
Refreshing native plugins compatible for Editor in 0.22 ms, found 0 plugins.
Preloading 0 native plugins for Editor in 0.00 ms.
Mono: successfully reloaded assembly
- Completed reload, in  0.961 seconds
Platform modules already initialized, skipping
Refreshing native plugins compatible for Editor in 0.19 ms, found 0 plugins.
Preloading 0 native plugins for Editor in 0.00 ms.
Unloading 1118 Unused Serialized files (Serialized files now loaded: 0)
System memory in use before: 57.2 MB.
System memory in use after: 57.3 MB.

Unloading 5 unused Assets to reduce memory usage. Loaded Objects now: 1568.
Total: 2.152300 ms (FindLiveObjects: 0.309300 ms CreateObjectMapping: 0.125300 ms MarkObjects: 1.621000 ms  DeleteObjects: 0.092900 ms)

